
  ___  ____  ____  ____  ____ ®
 /__    /   ____/   /   ____/      StataNow 19.5
___/   /   /___/   /   /___/       SE—Standard Edition

 Statistics and Data Science       Copyright 1985-2025 StataCorp LLC
                                   StataCorp
                                   4905 Lakeway Drive
                                   College Station, Texas 77845 USA
                                   800-782-8272        https://www.stata.com
                                   979-696-4600        service@stata.com

Stata license: Single-user , expiring 21 Oct 2026
Serial number: 401909344291
  Licensed to: AchimAhrens
               

Notes:
      1. Stata is running in batch mode.
      2. Unicode is supported; see help unicode_advice.
      3. Maximum number of variables is set to 5,000 but can be increased;
          see help set_maxvar.

. do cs_pystacked_runall.do 140 

. clear all

. 
. cap cd "/Users/kahrens/MyProjects/pystacked/cert"

. cap cd "C:/LocalStore/ecomes/GitHub/pystacked/cert"

. 
. if "`c(username)'"=="kahrens" {
. if "`c(username)'"=="kahrens" {
.         adopath ++ "/Users/kahrens/MyProjects/pystacked"
  [1]              "/Users/kahrens/MyProjects/pystacked"
.         adopath ++ "/Users/kahrens/MyProjects/pystacked"
  [1]              "/Users/kahrens/MyProjects/pystacked"
  [2]  (BASE)      "/Applications/StataNow/ado/base/"
  [2]  (BASE)      "/Applications/StataNow/ado/base/"
  [3]  (SITE)      "/Applications/StataNow/ado/site/"
  [3]  (SITE)      "/Applications/StataNow/ado/site/"
  [4]              "."
  [4]              "."
  [5]  (PERSONAL)  "/Users/kahrens/Documents/Stata/ado/personal/"
  [6]  (PLUS)      "/Users/kahrens/Library/Application Support/Stata/ado/plus/"
  [7]  (OLDPLACE)  "~/ado/"
ahrens/Library/Application Support/Stata/ado/plus/"
. }

. else if "`c(username)'"=="ecomes" {
  [7]  (OLDPLACE)  "~/ado/"
lStore/ecomes/GitHub/pystacked/cert"
. }

. 
. }

al ver `1'

. 
. else if "`c(username)'"=="ecomes" {
.         adopath + "C:/LocalStore/ecomes/GitHub/pystacked/cert"
. }

. 
. local ver `1'

. 
. if "`c(username)'"=="kahrens" {
.         python set exec "/Users/kahrens/python_envs/sk`ver'/bin/python3"
. }

. 


. 
. cap log close

. log using "log_cs_pystacked_`ver'.txt", text replace
-------------------------------------------------------------------------------
      name:  <unnamed>
       log:  /Users/kahrens/MyProjects/pystacked/cert/log_cs_pystacked_140.txt
  log type:  text
 opened on:  14 Jul 2026, 21:11:51

. 
. log using "log_cs_pystacked_`ver'.txt", text replace
-------------------------------------------------------------------------------
      name:  <unnamed>
       log:  /Users/kahrens/MyProjects/pystacked/cert/log_cs_pystacked_130.txt
  log type:  text
 opened on:  14 Jul 2026, 21:11:51

. 
. which pystacked 
/Users/kahrens/MyProjects/pystacked/pystacked.ado
*! pystacked v0.8.0
*! last edited: 14july2026
*! authors: aa/ms
*! pystacked wrapper - calls pystacked1 (default) or pystacked2 (altpython opti
> on)

. python: import sklearn

. python: sklearn.__version__
'1.3.0'

. 
. do "cs_pystacked_class.do"

. 
. 
. which pystacked 
/Users/kahrens/MyProjects/pystacked/pystacked.ado
*! pystacked v0.8.0
*! last edited: 14july2026
*! authors: aa/ms
*! pystacked wrapper - calls pystacked1 (default) or pystacked2 (altpython opti
> on)

. python: import sklearn

. python: sklearn.__version__
'1.3.0'

. 
. tempfile testdata

. set seed 765

. global model v58 v1-v30

. insheet using ../data/spambase.data, clear comma
(58 vars, 4,601 obs)

. sample 15
(3,911 observations deleted)

. gen u = runiform()

. gen train = u<0.5

. gen train2 = u<.75

. save `testdata'
file /var/folders/41/ld3ks1hx60513_z47fz5n33m0000gq/T//St21468.000001 saved
    as .dta format

. 
. *****************************************************************************
> **
. *** check that it works without default methods                              
>                            ***
. *****************************************************************************
> **
. 
.  insheet using ///
>  ../data/spambase.data, ///
>  clear comma
(58 vars, 4,601 obs)

. set seed 42

. gen train=runiform()

. replace train=train<.75
(4,601 real changes made)

. python: import sklearn

. python: sklearn.__version__
'1.4.0'

. 
. do "cs_pystacked_class.do"

. 
. 
. which pystacked 
/Users/kahrens/MyProjects/pystacked/pystacked.ado
*! pystacked v0.8.0
*! last edited: 14july2026
*! authors: aa/ms
*! pystacked wrapper - calls pystacked1 (default) or pystacked2 (altpython opti
> on)

. python: import sklearn

. python: sklearn.__version__
'1.4.0'

. 
. tempfile testdata

. set seed 765

. global model v58 v1-v30

. insheet using ../data/spambase.data, clear comma
(58 vars, 4,601 obs)

. sample 15
(3,911 observations deleted)

. gen u = runiform()

. gen train = u<0.5

. gen train2 = u<.75

. save `testdata'
file /var/folders/41/ld3ks1hx60513_z47fz5n33m0000gq/T//St21469.000001 saved
    as .dta format

. 
. *****************************************************************************
> **
. *** check that it works without default methods                              
>                            ***
. *****************************************************************************
> **
. 
.  insheet using ///
>  ../data/spambase.data, ///
>  clear comma
(58 vars, 4,601 obs)

. set seed 42

. gen train=runiform()

. replace train=train<.75
(4,601 real changes made)

.  pystacked v58 v1-v57 , type(class)

Stacking weights:
---------------------------------------
  Method         |      Weight
-----------------+---------------------
  logit          |      0.1309124
  lassocv        |      0.0000000
  gradboost      |      0.8690876

. 
.  
. *****************************************************************************
> **
. *** check that printing the coefficients works                               
>                            ***
. *****************************************************************************
> **
. 
.  insheet using ///
>  ../data/spambase.data, ///
>  clear comma
(58 vars, 4,601 obs)

. set seed 42

. 
. foreach meth in lassocv elasticcv ridgecv rf gradboost {
  2.         pystacked v58 v1-v57, type(class) m(logit `meth') showc
.  pystacked v58 v1-v57 , type(class)

Stacking weights:
---------------------------------------
  Method         |      Weight
-----------------+---------------------
  logit          |      0.1310017
  lassocv        |      0.0000000
  gradboost      |      0.8689983

. 
.  
. *****************************************************************************
> **
. *** check that printing the coefficients works                               
>                            ***
. *****************************************************************************
> **
. 
.  insheet using ///
>  ../data/spambase.data, ///
>  clear comma
(58 vars, 4,601 obs)

. set seed 42

. 
. foreach meth in lassocv elasticcv ridgecv rf gradboost {
  2.         pystacked v58 v1-v57, type(class) m(logit `meth') showc
